{"level":"warn","message":{"db":"mongodb+srv://unicodettp:WFUiEjrljsIDFOmd@cluster1.oeari.mongodb.net/ttp"}}
{"level":"warn","message":"Server worked"}
{"level":"info","message":{"cardId":"64d9c63870c47f38ea9dc6ca","list":"In Progress","listId":"64d9c62fd17c10f2400fef6f","name":"card in team feedback","type":"existed_in_current_list_status"}}
{"level":"info","message":{"cardId":"64d9cf3d5325753ebb9cfc0b","listId":"64d9c62e4fdbe7bb5787240f","name":"new card in feedback","type":"not_existed_in_any_list_and_will_be_delete_this_action"}}
{"level":"info","message":{"cardId":"64d9cf3d5325753ebb9cfc0b","list":"add list from trello 2","listId":"64d9c6306a0c3c9e116b7b78","name":"new card in feedback","type":"existed_in_current_list_team"}}
{"level":"info","message":{"cardId":"64d9cf3d5325753ebb9cfc0b","list":"In Progress","listId":"64d9c62fd17c10f2400fef6f","name":"new card in feedback","type":"existed_in_current_list_status"}}
{"level":"info","message":{"cardId":"64da31c8231983fafb4f0491","list":"Team 1","listId":"64da124562f2beba29347227","name":"AlMajed Oud-Ramadan Campaign -Strategy -Communication Plan (task 1 majid)","type":"existed_in_current_list_team"}}
{"level":"info","message":{"cardId":"64d9e1e23e2d146b874e61a5","listId":"64d9daee49621e373b867ded","name":"card in the new review list","type":"not_existed_in_any_list_and_will_be_delete_this_action"}}
{"level":"info","message":{"cardId":"64da37690aeaefe6e2bd9f5a","list":"Tasks Board","listId":"64d9c62c8cd597cdb08a195f","name":"AlMajed Oud-Ramadan Campaign -Concept- (testing create)","type":"existed_in_current_list_status"}}
{"level":"info","message":{"cardId":"64d9c776fa520ed95d23163a","list":"In Progress","listId":"64d9c62fd17c10f2400fef6f","name":"card in team feedback","type":"existed_in_current_list_status"}}
{"level":"info","message":{"cardId":"64da344af85546b6e63e7490","list":"Tasks Board","listId":"64d9c62c8cd597cdb08a195f","name":"AlMajed Oud-Ramadan Campaign -Concept-B Campaign Applications  (Majid 2)","type":"existed_in_current_list_status"}}
{"level":"info","message":{"cardId":"64db224ca868eb6d9e716c8b","list":"Freelance","listId":"64d9c62fee6f03e2974e5dea","name":"صندوق الالستثمارات العامة-tEST PROJECT-Production -Montage & Editing  (Test)","type":"existed_in_current_list_team"}}
{"level":"info","message":{"cardId":"64da35ca24d272e5bfd031a2","list":"Tasks Board","listId":"64d9c62c8cd597cdb08a195f","name":"AlMajed Oud-Ramadan Campaign -Branding - (new one)","type":"existed_in_current_list_status"}}
{"level":"info","message":{"cardId":"64d9cf63dae0eadd45c4ca5f","listId":"64d9c62e4fdbe7bb5787240f","name":"testing create from trello","type":"not_existed_in_any_list_and_will_be_delete_this_action"}}
{"level":"info","message":{"cardId":"64da37db7ca6f3f46c3c65ce","list":"Tasks Board","listId":"64da16fb09a758ba477eb94c","name":"AlMajed Oud-Ramadan Campaign -Branding - (يارب هون)","type":"existed_in_current_list_status"}}
{"level":"info","message":{"cardId":"64d9c63865a85bfec4794b0d","list":"Tasks Board","listId":"64d9c62f30accd3e40931d02","name":"card 2","type":"existed_in_current_list_status"}}
{"level":"info","message":{"cardId":"64da3849f9d1940b2477420f","list":"Tasks Board","listId":"64d9c62c8cd597cdb08a195f","name":"AlMajed Oud-Ramadan Campaign -Branding - (يارب هون )","type":"existed_in_current_list_status"}}
{"level":"info","message":{"cardId":"64da3849f9d1940b2477420f","list":"In Progress","listId":"64d9c62c4aeca9afa11b57ba","name":"AlMajed Oud-Ramadan Campaign -Branding - (يارب هون )","type":"existed_in_current_list_status"}}
{"level":"info","message":{"cardId":"64da3849f9d1940b2477420f","list":"Tasks Board","listId":"64d9c62c8cd597cdb08a195f","name":"AlMajed Oud-Ramadan Campaign -Branding - (يارب هون )","type":"existed_in_current_list_status"}}
{"level":"info","message":{"cardId":"64da3849f9d1940b2477420f","list":"Not Clear","listId":"64d9c62c327928331b2b7032","name":"AlMajed Oud-Ramadan Campaign -Branding - (يارب هون )","type":"existed_in_current_list_status"}}
{"level":"info","message":{"cardId":"64da3849f9d1940b2477420f","list":"In Progress","listId":"64d9c62c4aeca9afa11b57ba","name":"AlMajed Oud-Ramadan Campaign -Branding - (يارب هون )","type":"existed_in_current_list_status"}}
{"level":"info","message":{"cardId":"64da3849f9d1940b2477420f","list":"Tasks Board","listId":"64d9c62c8cd597cdb08a195f","name":"AlMajed Oud-Ramadan Campaign -Branding - (يارب هون )","type":"existed_in_current_list_status"}}
{"level":"info","message":{"cardId":"64da3849f9d1940b2477420f","list":"Not Clear","listId":"64d9c62c327928331b2b7032","name":"AlMajed Oud-Ramadan Campaign -Branding - (يارب هون )","type":"existed_in_current_list_status"}}
{"level":"info","message":{"cardId":"64da3849f9d1940b2477420f","list":"In Progress","listId":"64d9c62c4aeca9afa11b57ba","name":"AlMajed Oud-Ramadan Campaign -Branding - (يارب هون )","type":"existed_in_current_list_status"}}
{"level":"info","message":{"cardId":"64da3849f9d1940b2477420f","list":"Tasks Board","listId":"64d9c62c8cd597cdb08a195f","name":"AlMajed Oud-Ramadan Campaign -Branding - (يارب هون )","type":"existed_in_current_list_status"}}
{"level":"info","message":{"cardId":"64da3849f9d1940b2477420f","list":"Not Clear","listId":"64d9c62c327928331b2b7032","name":"AlMajed Oud-Ramadan Campaign -Branding - (يارب هون )","type":"existed_in_current_list_status"}}
{"level":"info","message":{"cardId":"64da3849f9d1940b2477420f","list":"In Progress","listId":"64d9c62c4aeca9afa11b57ba","name":"AlMajed Oud-Ramadan Campaign -Branding - (يارب هون )","type":"existed_in_current_list_status"}}
{"level":"info","message":{"cardId":"64da3849f9d1940b2477420f","list":"Done","listId":"64d9c62c4d380c156372b4f2","name":"AlMajed Oud-Ramadan Campaign -Branding - (يارب هون )","type":"existed_in_current_list_status"}}
{"level":"info","message":{"cardId":"64da3849f9d1940b2477420f","list":"Task Board Mobily","listId":"64d9c62d570053e7c2f3f33a","name":"AlMajed Oud-Ramadan Campaign -Branding - (يارب هون )","type":"existed_in_current_list_sideList"}}
{"level":"info","message":{"cardId":"64da35513b8117cb6441807c","list":"Tasks Board","listId":"64da16fb09a758ba477eb94c","name":"AlMajed Oud-Ramadan Campaign -Branding -Font Development  (Majid )","type":"existed_in_current_list_status"}}
{"level":"warn","message":{"db":"mongodb+srv://unicodettp:WFUiEjrljsIDFOmd@cluster1.oeari.mongodb.net/ttp"}}
{"level":"warn","message":"Server worked"}
{"level":"info","message":{"cardId":"64d9c776fa520ed95d23163a","list":"In Progress","listId":"64d9c62fd17c10f2400fef6f","name":"card in team feedback","type":"existed_in_current_list_status"}}
{"level":"info","message":{"cardId":"64d9c63865a85bfec4794b0d","list":"Tasks Board","listId":"64d9c62f30accd3e40931d02","name":"card 2","type":"existed_in_current_list_status"}}
{"level":"info","message":{"cardId":"64d9e1e23e2d146b874e61a5","listId":"64d9daee49621e373b867ded","name":"card in the new review list","type":"not_existed_in_any_list_and_will_be_delete_this_action"}}
{"level":"info","message":{"cardId":"64da344af85546b6e63e7490","list":"Tasks Board","listId":"64d9c62c8cd597cdb08a195f","name":"AlMajed Oud-Ramadan Campaign -Concept-B Campaign Applications  (Majid 2)","type":"existed_in_current_list_status"}}
{"level":"info","message":{"cardId":"64da31c8231983fafb4f0491","list":"Team 1","listId":"64da124562f2beba29347227","name":"AlMajed Oud-Ramadan Campaign -Strategy -Communication Plan (task 1 majid)","type":"existed_in_current_list_team"}}
{"level":"info","message":{"cardId":"64d9cf3d5325753ebb9cfc0b","listId":"64d9c62e4fdbe7bb5787240f","name":"new card in feedback","type":"not_existed_in_any_list_and_will_be_delete_this_action"}}
{"level":"info","message":{"cardId":"64d9cf3d5325753ebb9cfc0b","list":"add list from trello 2","listId":"64d9c6306a0c3c9e116b7b78","name":"new card in feedback","type":"existed_in_current_list_team"}}
{"level":"info","message":{"cardId":"64d9cf3d5325753ebb9cfc0b","list":"In Progress","listId":"64d9c62fd17c10f2400fef6f","name":"new card in feedback","type":"existed_in_current_list_status"}}
{"level":"info","message":{"cardId":"64da37db7ca6f3f46c3c65ce","list":"Tasks Board","listId":"64da16fb09a758ba477eb94c","name":"AlMajed Oud-Ramadan Campaign -Branding - (يارب هون)","type":"existed_in_current_list_status"}}
{"level":"info","message":{"cardId":"64da35ca24d272e5bfd031a2","list":"Tasks Board","listId":"64d9c62c8cd597cdb08a195f","name":"AlMajed Oud-Ramadan Campaign -Branding - (new one)","type":"existed_in_current_list_status"}}
{"level":"info","message":{"cardId":"64da37690aeaefe6e2bd9f5a","list":"Tasks Board","listId":"64d9c62c8cd597cdb08a195f","name":"AlMajed Oud-Ramadan Campaign -Concept- (testing create)","type":"existed_in_current_list_status"}}
{"level":"info","message":{"cardId":"64d9c63870c47f38ea9dc6ca","list":"In Progress","listId":"64d9c62fd17c10f2400fef6f","name":"card in team feedback","type":"existed_in_current_list_status"}}
{"level":"info","message":{"cardId":"64db224ca868eb6d9e716c8b","list":"Freelance","listId":"64d9c62fee6f03e2974e5dea","name":"صندوق الالستثمارات العامة-tEST PROJECT-Production -Montage & Editing  (Test)","type":"existed_in_current_list_team"}}
{"level":"info","message":{"cardId":"64d9cf63dae0eadd45c4ca5f","listId":"64d9c62e4fdbe7bb5787240f","name":"testing create from trello","type":"not_existed_in_any_list_and_will_be_delete_this_action"}}
{"level":"info","message":{"cardId":"64da35513b8117cb6441807c","list":"Tasks Board","listId":"64da16fb09a758ba477eb94c","name":"AlMajed Oud-Ramadan Campaign -Branding -Font Development  (Majid )","type":"existed_in_current_list_status"}}
{"level":"info","message":{"cardId":"64da3849f9d1940b2477420f","list":"Tasks Board","listId":"64d9c62c8cd597cdb08a195f","name":"AlMajed Oud-Ramadan Campaign -Branding - (يارب هون )","type":"existed_in_current_list_status"}}
{"level":"info","message":{"cardId":"64da3849f9d1940b2477420f","list":"In Progress","listId":"64d9c62c4aeca9afa11b57ba","name":"AlMajed Oud-Ramadan Campaign -Branding - (يارب هون )","type":"existed_in_current_list_status"}}
{"level":"info","message":{"cardId":"64da3849f9d1940b2477420f","list":"Tasks Board","listId":"64d9c62c8cd597cdb08a195f","name":"AlMajed Oud-Ramadan Campaign -Branding - (يارب هون )","type":"existed_in_current_list_status"}}
{"level":"info","message":{"cardId":"64da3849f9d1940b2477420f","list":"Not Clear","listId":"64d9c62c327928331b2b7032","name":"AlMajed Oud-Ramadan Campaign -Branding - (يارب هون )","type":"existed_in_current_list_status"}}
{"level":"info","message":{"cardId":"64da3849f9d1940b2477420f","list":"In Progress","listId":"64d9c62c4aeca9afa11b57ba","name":"AlMajed Oud-Ramadan Campaign -Branding - (يارب هون )","type":"existed_in_current_list_status"}}
{"level":"info","message":{"cardId":"64da3849f9d1940b2477420f","list":"Tasks Board","listId":"64d9c62c8cd597cdb08a195f","name":"AlMajed Oud-Ramadan Campaign -Branding - (يارب هون )","type":"existed_in_current_list_status"}}
{"level":"info","message":{"cardId":"64da3849f9d1940b2477420f","list":"Not Clear","listId":"64d9c62c327928331b2b7032","name":"AlMajed Oud-Ramadan Campaign -Branding - (يارب هون )","type":"existed_in_current_list_status"}}
{"level":"info","message":{"cardId":"64da3849f9d1940b2477420f","list":"In Progress","listId":"64d9c62c4aeca9afa11b57ba","name":"AlMajed Oud-Ramadan Campaign -Branding - (يارب هون )","type":"existed_in_current_list_status"}}
{"level":"info","message":{"cardId":"64da3849f9d1940b2477420f","list":"Tasks Board","listId":"64d9c62c8cd597cdb08a195f","name":"AlMajed Oud-Ramadan Campaign -Branding - (يارب هون )","type":"existed_in_current_list_status"}}
{"level":"info","message":{"cardId":"64da3849f9d1940b2477420f","list":"Not Clear","listId":"64d9c62c327928331b2b7032","name":"AlMajed Oud-Ramadan Campaign -Branding - (يارب هون )","type":"existed_in_current_list_status"}}
{"level":"info","message":{"cardId":"64da3849f9d1940b2477420f","list":"In Progress","listId":"64d9c62c4aeca9afa11b57ba","name":"AlMajed Oud-Ramadan Campaign -Branding - (يارب هون )","type":"existed_in_current_list_status"}}
{"level":"info","message":{"cardId":"64da3849f9d1940b2477420f","list":"Done","listId":"64d9c62c4d380c156372b4f2","name":"AlMajed Oud-Ramadan Campaign -Branding - (يارب هون )","type":"existed_in_current_list_status"}}
{"level":"info","message":{"cardId":"64da3849f9d1940b2477420f","list":"Task Board Mobily","listId":"64d9c62d570053e7c2f3f33a","name":"AlMajed Oud-Ramadan Campaign -Branding - (يارب هون )","type":"existed_in_current_list_sideList"}}
{"level":"warn","message":{"db":"mongodb+srv://unicodettp:WFUiEjrljsIDFOmd@cluster1.oeari.mongodb.net/ttp"}}
{"level":"warn","message":"Server worked"}
{"level":"warn","message":{"db":"mongodb+srv://unicodettp:WFUiEjrljsIDFOmd@cluster1.oeari.mongodb.net/ttp"}}
{"level":"warn","message":"Server worked"}
{"level":"info","message":{"cardId":"64d9e1e23e2d146b874e61a5","listId":"64d9daee49621e373b867ded","name":"card in the new review list","type":"not_existed_in_any_list_and_will_be_delete_this_action"}}
{"level":"info","message":{"cardId":"64d9c63865a85bfec4794b0d","list":"Tasks Board","listId":"64d9c62f30accd3e40931d02","name":"card 2","type":"existed_in_current_list_status"}}
{"level":"info","message":{"cardId":"64da35ca24d272e5bfd031a2","list":"Tasks Board","listId":"64d9c62c8cd597cdb08a195f","name":"AlMajed Oud-Ramadan Campaign -Branding - (new one)","type":"existed_in_current_list_status"}}
{"level":"info","message":{"cardId":"64d9c63870c47f38ea9dc6ca","list":"In Progress","listId":"64d9c62fd17c10f2400fef6f","name":"card in team feedback","type":"existed_in_current_list_status"}}
{"level":"info","message":{"cardId":"64da37690aeaefe6e2bd9f5a","list":"Tasks Board","listId":"64d9c62c8cd597cdb08a195f","name":"AlMajed Oud-Ramadan Campaign -Concept- (testing create)","type":"existed_in_current_list_status"}}
{"level":"info","message":{"cardId":"64d9cf3d5325753ebb9cfc0b","listId":"64d9c62e4fdbe7bb5787240f","name":"new card in feedback","type":"not_existed_in_any_list_and_will_be_delete_this_action"}}
{"level":"info","message":{"cardId":"64d9cf3d5325753ebb9cfc0b","list":"add list from trello 2","listId":"64d9c6306a0c3c9e116b7b78","name":"new card in feedback","type":"existed_in_current_list_team"}}
{"level":"info","message":{"cardId":"64d9cf3d5325753ebb9cfc0b","list":"In Progress","listId":"64d9c62fd17c10f2400fef6f","name":"new card in feedback","type":"existed_in_current_list_status"}}
{"level":"info","message":{"cardId":"64da344af85546b6e63e7490","list":"Tasks Board","listId":"64d9c62c8cd597cdb08a195f","name":"AlMajed Oud-Ramadan Campaign -Concept-B Campaign Applications  (Majid 2)","type":"existed_in_current_list_status"}}
{"level":"info","message":{"cardId":"64da31c8231983fafb4f0491","list":"Team 1","listId":"64da124562f2beba29347227","name":"AlMajed Oud-Ramadan Campaign -Strategy -Communication Plan (task 1 majid)","type":"existed_in_current_list_team"}}
{"level":"info","message":{"cardId":"64d9c776fa520ed95d23163a","list":"In Progress","listId":"64d9c62fd17c10f2400fef6f","name":"card in team feedback","type":"existed_in_current_list_status"}}
{"level":"info","message":{"cardId":"64da37db7ca6f3f46c3c65ce","list":"Tasks Board","listId":"64da16fb09a758ba477eb94c","name":"AlMajed Oud-Ramadan Campaign -Branding - (يارب هون)","type":"existed_in_current_list_status"}}
{"level":"info","message":{"cardId":"64da3849f9d1940b2477420f","list":"Tasks Board","listId":"64d9c62c8cd597cdb08a195f","name":"AlMajed Oud-Ramadan Campaign -Branding - (يارب هون )","type":"existed_in_current_list_status"}}
{"level":"info","message":{"cardId":"64da3849f9d1940b2477420f","list":"In Progress","listId":"64d9c62c4aeca9afa11b57ba","name":"AlMajed Oud-Ramadan Campaign -Branding - (يارب هون )","type":"existed_in_current_list_status"}}
{"level":"info","message":{"cardId":"64da3849f9d1940b2477420f","list":"Tasks Board","listId":"64d9c62c8cd597cdb08a195f","name":"AlMajed Oud-Ramadan Campaign -Branding - (يارب هون )","type":"existed_in_current_list_status"}}
{"level":"info","message":{"cardId":"64da3849f9d1940b2477420f","list":"Not Clear","listId":"64d9c62c327928331b2b7032","name":"AlMajed Oud-Ramadan Campaign -Branding - (يارب هون )","type":"existed_in_current_list_status"}}
{"level":"info","message":{"cardId":"64da3849f9d1940b2477420f","list":"In Progress","listId":"64d9c62c4aeca9afa11b57ba","name":"AlMajed Oud-Ramadan Campaign -Branding - (يارب هون )","type":"existed_in_current_list_status"}}
{"level":"info","message":{"cardId":"64da3849f9d1940b2477420f","list":"Tasks Board","listId":"64d9c62c8cd597cdb08a195f","name":"AlMajed Oud-Ramadan Campaign -Branding - (يارب هون )","type":"existed_in_current_list_status"}}
{"level":"info","message":{"cardId":"64da3849f9d1940b2477420f","list":"Not Clear","listId":"64d9c62c327928331b2b7032","name":"AlMajed Oud-Ramadan Campaign -Branding - (يارب هون )","type":"existed_in_current_list_status"}}
{"level":"info","message":{"cardId":"64da3849f9d1940b2477420f","list":"In Progress","listId":"64d9c62c4aeca9afa11b57ba","name":"AlMajed Oud-Ramadan Campaign -Branding - (يارب هون )","type":"existed_in_current_list_status"}}
{"level":"info","message":{"cardId":"64da3849f9d1940b2477420f","list":"Tasks Board","listId":"64d9c62c8cd597cdb08a195f","name":"AlMajed Oud-Ramadan Campaign -Branding - (يارب هون )","type":"existed_in_current_list_status"}}
{"level":"info","message":{"cardId":"64da3849f9d1940b2477420f","list":"Not Clear","listId":"64d9c62c327928331b2b7032","name":"AlMajed Oud-Ramadan Campaign -Branding - (يارب هون )","type":"existed_in_current_list_status"}}
{"level":"info","message":{"cardId":"64da3849f9d1940b2477420f","list":"In Progress","listId":"64d9c62c4aeca9afa11b57ba","name":"AlMajed Oud-Ramadan Campaign -Branding - (يارب هون )","type":"existed_in_current_list_status"}}
{"level":"info","message":{"cardId":"64da3849f9d1940b2477420f","list":"Done","listId":"64d9c62c4d380c156372b4f2","name":"AlMajed Oud-Ramadan Campaign -Branding - (يارب هون )","type":"existed_in_current_list_status"}}
{"level":"info","message":{"cardId":"64da3849f9d1940b2477420f","list":"Task Board Mobily","listId":"64d9c62d570053e7c2f3f33a","name":"AlMajed Oud-Ramadan Campaign -Branding - (يارب هون )","type":"existed_in_current_list_sideList"}}
{"level":"info","message":{"cardId":"64db224ca868eb6d9e716c8b","list":"Freelance","listId":"64d9c62fee6f03e2974e5dea","name":"صندوق الالستثمارات العامة-tEST PROJECT-Production -Montage & Editing  (Test)","type":"existed_in_current_list_team"}}
{"level":"info","message":{"cardId":"64d9cf63dae0eadd45c4ca5f","listId":"64d9c62e4fdbe7bb5787240f","name":"testing create from trello","type":"not_existed_in_any_list_and_will_be_delete_this_action"}}
{"level":"info","message":{"cardId":"64da35513b8117cb6441807c","list":"Tasks Board","listId":"64da16fb09a758ba477eb94c","name":"AlMajed Oud-Ramadan Campaign -Branding -Font Development  (Majid )","type":"existed_in_current_list_status"}}
{"level":"warn","message":{"db":"mongodb+srv://unicodettp:WFUiEjrljsIDFOmd@cluster1.oeari.mongodb.net/ttp"}}
{"level":"warn","message":"Server worked"}
