{"level":"warn","message":{"db":"mongodb+srv://unicodettp:WFUiEjrljsIDFOmd@cluster1.oeari.mongodb.net/ttp-local"}}
{"level":"warn","message":"Server worked"}
{"level":"error","message":{"matchTasksWithTrelloError":{}}}
{"level":"warn","message":{"db":"mongodb+srv://unicodettp:WFUiEjrljsIDFOmd@cluster1.oeari.mongodb.net/ttp-local"}}
{"level":"warn","message":"Server worked"}
{"level":"error","message":{"matchTasksWithTrelloError":{"code":11000,"result":{"insertedIds":[{"_id":"656f0c5edff7af23375e733b","index":0}],"nInserted":0,"nMatched":0,"nModified":0,"nRemoved":0,"nUpserted":0,"ok":1,"opTime":{"t":528,"ts":{"$timestamp":"7309074309522128900"}},"upserted":[],"writeConcernErrors":[],"writeErrors":[{"code":11000,"errmsg":"E11000 duplicate key error collection: ttp-local.tasks index: movements.actionId_1 dup key: { movements.actionId: \"6551d73813307953cc9626d1\" }","index":0,"op":{"_id":"656f0c5edff7af23375e733b","archivedCard":true,"assignedAt":null,"attachedFiles":[],"boardId":"651ebb4fe0a5fe265ff33ec3","cardCreatedAt":"2023-11-13T07:58:48.254Z","cardId":"6551d73813307953cc9626c7","categoryId":null,"createdAt":"2023-12-05T11:41:18.039Z","deadline":null,"description":"","listId":"651ebb515f602d9abbcb96e6","movements":[{"_id":"656f0c5edff7af23375e733c","actionId":"6551d73813307953cc9626d1","journeyDeadline":null,"listId":"651ebb515f602d9abbcb96e6","listType":"list","movedAt":"Mon Nov 13 2023 09:58:48 GMT+0200 (Eastern European Standard Time)","status":"Tasks Board"}],"name":"tasks ID-6551d6698f929e2d1b8c2df7","start":null,"status":"Tasks Board","subCategoryId":null,"teamId":null,"trelloShortUrl":"https://trello.com/c/ZzrKNLlT","updatedAt":"2023-12-05T11:41:18.039Z"}}]},"writeErrors":[{"code":11000,"errmsg":"E11000 duplicate key error collection: ttp-local.tasks index: movements.actionId_1 dup key: { movements.actionId: \"6551d73813307953cc9626d1\" }","index":0,"op":{"_id":"656f0c5edff7af23375e733b","archivedCard":true,"assignedAt":null,"attachedFiles":[],"boardId":"651ebb4fe0a5fe265ff33ec3","cardCreatedAt":"2023-11-13T07:58:48.254Z","cardId":"6551d73813307953cc9626c7","categoryId":null,"createdAt":"2023-12-05T11:41:18.039Z","deadline":null,"description":"","listId":"651ebb515f602d9abbcb96e6","movements":[{"_id":"656f0c5edff7af23375e733c","actionId":"6551d73813307953cc9626d1","journeyDeadline":null,"listId":"651ebb515f602d9abbcb96e6","listType":"list","movedAt":"Mon Nov 13 2023 09:58:48 GMT+0200 (Eastern European Standard Time)","status":"Tasks Board"}],"name":"tasks ID-6551d6698f929e2d1b8c2df7","start":null,"status":"Tasks Board","subCategoryId":null,"teamId":null,"trelloShortUrl":"https://trello.com/c/ZzrKNLlT","updatedAt":"2023-12-05T11:41:18.039Z"}}]}}}
{"level":"warn","message":{"db":"mongodb+srv://unicodettp:WFUiEjrljsIDFOmd@cluster1.oeari.mongodb.net/ttp-local"}}
{"level":"warn","message":"Server worked"}
{"level":"error","message":{"matchTasksWithTrelloError":{"code":11000,"result":{"insertedIds":[{"_id":"656f0d52de8611c79bf3e0eb","index":0}],"nInserted":0,"nMatched":0,"nModified":0,"nRemoved":0,"nUpserted":0,"ok":1,"opTime":{"t":528,"ts":{"$timestamp":"7309075357494149124"}},"upserted":[],"writeConcernErrors":[],"writeErrors":[{"code":11000,"errmsg":"E11000 duplicate key error collection: ttp-local.tasks index: movements.actionId_1 dup key: { movements.actionId: \"6551d73813307953cc9626d1\" }","index":0,"op":{"_id":"656f0d52de8611c79bf3e0eb","archivedCard":true,"assignedAt":null,"attachedFiles":[],"boardId":"651ebb4fe0a5fe265ff33ec3","cardCreatedAt":"2023-11-13T07:58:48.254Z","cardId":"6551d73813307953cc9626c7","categoryId":null,"createdAt":"2023-12-05T11:45:22.519Z","deadline":null,"description":"","listId":"651ebb515f602d9abbcb96e6","movements":[{"_id":"656f0d52de8611c79bf3e0ec","actionId":"6551d73813307953cc9626d1","journeyDeadline":null,"listId":"651ebb515f602d9abbcb96e6","listType":"list","movedAt":"Mon Nov 13 2023 09:58:48 GMT+0200 (Eastern European Standard Time)","status":"Tasks Board"}],"name":"tasks ID-6551d6698f929e2d1b8c2df7","start":null,"status":"Tasks Board","subCategoryId":null,"teamId":null,"trelloShortUrl":"https://trello.com/c/ZzrKNLlT","updatedAt":"2023-12-05T11:45:22.519Z"}}]},"writeErrors":[{"code":11000,"errmsg":"E11000 duplicate key error collection: ttp-local.tasks index: movements.actionId_1 dup key: { movements.actionId: \"6551d73813307953cc9626d1\" }","index":0,"op":{"_id":"656f0d52de8611c79bf3e0eb","archivedCard":true,"assignedAt":null,"attachedFiles":[],"boardId":"651ebb4fe0a5fe265ff33ec3","cardCreatedAt":"2023-11-13T07:58:48.254Z","cardId":"6551d73813307953cc9626c7","categoryId":null,"createdAt":"2023-12-05T11:45:22.519Z","deadline":null,"description":"","listId":"651ebb515f602d9abbcb96e6","movements":[{"_id":"656f0d52de8611c79bf3e0ec","actionId":"6551d73813307953cc9626d1","journeyDeadline":null,"listId":"651ebb515f602d9abbcb96e6","listType":"list","movedAt":"Mon Nov 13 2023 09:58:48 GMT+0200 (Eastern European Standard Time)","status":"Tasks Board"}],"name":"tasks ID-6551d6698f929e2d1b8c2df7","start":null,"status":"Tasks Board","subCategoryId":null,"teamId":null,"trelloShortUrl":"https://trello.com/c/ZzrKNLlT","updatedAt":"2023-12-05T11:45:22.519Z"}}]}}}
{"level":"warn","message":{"db":"mongodb+srv://unicodettp:WFUiEjrljsIDFOmd@cluster1.oeari.mongodb.net/ttp-local"}}
{"level":"warn","message":"Server worked"}
{"level":"error","message":{"matchTasksWithTrelloError":{"code":11000,"result":{"insertedIds":[{"_id":"656f0dbd6c20691001bc3207","index":0}],"nInserted":0,"nMatched":0,"nModified":0,"nRemoved":0,"nUpserted":0,"ok":1,"opTime":{"t":528,"ts":{"$timestamp":"7309075817055649796"}},"upserted":[],"writeConcernErrors":[],"writeErrors":[{"code":11000,"errmsg":"E11000 duplicate key error collection: ttp-local.tasks index: movements.actionId_1 dup key: { movements.actionId: \"6551d73813307953cc9626d1\" }","index":0,"op":{"_id":"656f0dbd6c20691001bc3207","archivedCard":true,"assignedAt":null,"attachedFiles":[],"boardId":"651ebb4fe0a5fe265ff33ec3","cardCreatedAt":"2023-11-13T07:58:48.254Z","cardId":"6551d73813307953cc9626c7","categoryId":null,"createdAt":"2023-12-05T11:47:09.400Z","deadline":null,"description":"","listId":"651ebb515f602d9abbcb96e6","movements":[{"_id":"656f0dbd6c20691001bc3208","actionId":"6551d73813307953cc9626d1","journeyDeadline":null,"listId":"651ebb515f602d9abbcb96e6","listType":"list","movedAt":"Mon Nov 13 2023 09:58:48 GMT+0200 (Eastern European Standard Time)","status":"Tasks Board"}],"name":"tasks ID-6551d6698f929e2d1b8c2df7","start":null,"status":"Tasks Board","subCategoryId":null,"teamId":null,"trelloShortUrl":"https://trello.com/c/ZzrKNLlT","updatedAt":"2023-12-05T11:47:09.400Z"}}]},"writeErrors":[{"code":11000,"errmsg":"E11000 duplicate key error collection: ttp-local.tasks index: movements.actionId_1 dup key: { movements.actionId: \"6551d73813307953cc9626d1\" }","index":0,"op":{"_id":"656f0dbd6c20691001bc3207","archivedCard":true,"assignedAt":null,"attachedFiles":[],"boardId":"651ebb4fe0a5fe265ff33ec3","cardCreatedAt":"2023-11-13T07:58:48.254Z","cardId":"6551d73813307953cc9626c7","categoryId":null,"createdAt":"2023-12-05T11:47:09.400Z","deadline":null,"description":"","listId":"651ebb515f602d9abbcb96e6","movements":[{"_id":"656f0dbd6c20691001bc3208","actionId":"6551d73813307953cc9626d1","journeyDeadline":null,"listId":"651ebb515f602d9abbcb96e6","listType":"list","movedAt":"Mon Nov 13 2023 09:58:48 GMT+0200 (Eastern European Standard Time)","status":"Tasks Board"}],"name":"tasks ID-6551d6698f929e2d1b8c2df7","start":null,"status":"Tasks Board","subCategoryId":null,"teamId":null,"trelloShortUrl":"https://trello.com/c/ZzrKNLlT","updatedAt":"2023-12-05T11:47:09.400Z"}}]}}}
{"level":"warn","message":{"db":"mongodb+srv://unicodettp:WFUiEjrljsIDFOmd@cluster1.oeari.mongodb.net/ttp-local"}}
{"level":"warn","message":"Server worked"}
{"level":"error","message":{"matchTasksWithTrelloError":{"code":11000,"result":{"insertedIds":[{"_id":"656f114a2ab73f468307c4fc","index":0}],"nInserted":0,"nMatched":0,"nModified":0,"nRemoved":0,"nUpserted":0,"ok":1,"opTime":{"t":528,"ts":{"$timestamp":"7309079716885954564"}},"upserted":[],"writeConcernErrors":[],"writeErrors":[{"code":11000,"errmsg":"E11000 duplicate key error collection: ttp-local.tasks index: movements.actionId_1 dup key: { movements.actionId: \"6551d73813307953cc9626d1\" }","index":0,"op":{"_id":"656f114a2ab73f468307c4fc","archivedCard":true,"assignedAt":null,"attachedFiles":[],"boardId":"651ebb4fe0a5fe265ff33ec3","cardCreatedAt":"2023-11-13T07:58:48.254Z","cardId":"6551d73813307953cc9626c7","categoryId":null,"createdAt":"2023-12-05T12:02:18.486Z","deadline":null,"description":"","listId":"651ebb515f602d9abbcb96e6","movements":[{"_id":"656f114a2ab73f468307c4fd","actionId":"6551d73813307953cc9626d1","journeyDeadline":null,"listId":"651ebb515f602d9abbcb96e6","listType":"list","movedAt":"Mon Nov 13 2023 09:58:48 GMT+0200 (Eastern European Standard Time)","status":"Tasks Board"}],"name":"tasks ID-6551d6698f929e2d1b8c2df7","start":null,"status":"Tasks Board","subCategoryId":null,"teamId":null,"trelloShortUrl":"https://trello.com/c/ZzrKNLlT","updatedAt":"2023-12-05T12:02:18.486Z"}}]},"writeErrors":[{"code":11000,"errmsg":"E11000 duplicate key error collection: ttp-local.tasks index: movements.actionId_1 dup key: { movements.actionId: \"6551d73813307953cc9626d1\" }","index":0,"op":{"_id":"656f114a2ab73f468307c4fc","archivedCard":true,"assignedAt":null,"attachedFiles":[],"boardId":"651ebb4fe0a5fe265ff33ec3","cardCreatedAt":"2023-11-13T07:58:48.254Z","cardId":"6551d73813307953cc9626c7","categoryId":null,"createdAt":"2023-12-05T12:02:18.486Z","deadline":null,"description":"","listId":"651ebb515f602d9abbcb96e6","movements":[{"_id":"656f114a2ab73f468307c4fd","actionId":"6551d73813307953cc9626d1","journeyDeadline":null,"listId":"651ebb515f602d9abbcb96e6","listType":"list","movedAt":"Mon Nov 13 2023 09:58:48 GMT+0200 (Eastern European Standard Time)","status":"Tasks Board"}],"name":"tasks ID-6551d6698f929e2d1b8c2df7","start":null,"status":"Tasks Board","subCategoryId":null,"teamId":null,"trelloShortUrl":"https://trello.com/c/ZzrKNLlT","updatedAt":"2023-12-05T12:02:18.486Z"}}]}}}
{"level":"warn","message":{"db":"mongodb+srv://unicodettp:WFUiEjrljsIDFOmd@cluster1.oeari.mongodb.net/ttp-local"}}
{"level":"warn","message":"Server worked"}
{"level":"error","message":{"matchTasksWithTrelloError":{"code":11000,"result":{"insertedIds":[{"_id":"656f11cce0ad01c2ae062a25","index":0}],"nInserted":0,"nMatched":0,"nModified":0,"nRemoved":0,"nUpserted":0,"ok":1,"opTime":{"t":528,"ts":{"$timestamp":"7309080275231703044"}},"upserted":[],"writeConcernErrors":[],"writeErrors":[{"code":11000,"errmsg":"E11000 duplicate key error collection: ttp-local.tasks index: movements.actionId_1 dup key: { movements.actionId: \"6551d73813307953cc9626d1\" }","index":0,"op":{"_id":"656f11cce0ad01c2ae062a25","archivedCard":true,"assignedAt":null,"attachedFiles":[],"boardId":"651ebb4fe0a5fe265ff33ec3","cardCreatedAt":"2023-11-13T07:58:48.254Z","cardId":"6551d73813307953cc9626c7","categoryId":null,"createdAt":"2023-12-05T12:04:28.207Z","deadline":null,"description":"","listId":"651ebb515f602d9abbcb96e6","movements":[{"_id":"656f11cce0ad01c2ae062a26","actionId":"6551d73813307953cc9626d1","journeyDeadline":null,"listId":"651ebb515f602d9abbcb96e6","listType":"list","movedAt":"Mon Nov 13 2023 09:58:48 GMT+0200 (Eastern European Standard Time)","status":"Tasks Board"}],"name":"tasks ID-6551d6698f929e2d1b8c2df7","start":null,"status":"Tasks Board","subCategoryId":null,"teamId":null,"trelloShortUrl":"https://trello.com/c/ZzrKNLlT","updatedAt":"2023-12-05T12:04:28.207Z"}}]},"writeErrors":[{"code":11000,"errmsg":"E11000 duplicate key error collection: ttp-local.tasks index: movements.actionId_1 dup key: { movements.actionId: \"6551d73813307953cc9626d1\" }","index":0,"op":{"_id":"656f11cce0ad01c2ae062a25","archivedCard":true,"assignedAt":null,"attachedFiles":[],"boardId":"651ebb4fe0a5fe265ff33ec3","cardCreatedAt":"2023-11-13T07:58:48.254Z","cardId":"6551d73813307953cc9626c7","categoryId":null,"createdAt":"2023-12-05T12:04:28.207Z","deadline":null,"description":"","listId":"651ebb515f602d9abbcb96e6","movements":[{"_id":"656f11cce0ad01c2ae062a26","actionId":"6551d73813307953cc9626d1","journeyDeadline":null,"listId":"651ebb515f602d9abbcb96e6","listType":"list","movedAt":"Mon Nov 13 2023 09:58:48 GMT+0200 (Eastern European Standard Time)","status":"Tasks Board"}],"name":"tasks ID-6551d6698f929e2d1b8c2df7","start":null,"status":"Tasks Board","subCategoryId":null,"teamId":null,"trelloShortUrl":"https://trello.com/c/ZzrKNLlT","updatedAt":"2023-12-05T12:04:28.207Z"}}]}}}
{"level":"warn","message":{"db":"mongodb+srv://unicodettp:WFUiEjrljsIDFOmd@cluster1.oeari.mongodb.net/ttp-local"}}
{"level":"warn","message":"Server worked"}
{"level":"error","message":{"matchTasksWithTrelloError":{}}}
{"level":"warn","message":{"db":"mongodb+srv://unicodettp:WFUiEjrljsIDFOmd@cluster1.oeari.mongodb.net/ttp-local"}}
{"level":"warn","message":"Server worked"}
{"level":"warn","message":{"db":"mongodb+srv://unicodettp:WFUiEjrljsIDFOmd@cluster1.oeari.mongodb.net/ttp-local"}}
{"level":"warn","message":"Server worked"}
{"level":"warn","message":{"db":"mongodb+srv://unicodettp:WFUiEjrljsIDFOmd@cluster1.oeari.mongodb.net/ttp-local"}}
{"level":"warn","message":"Server worked"}
{"level":"warn","message":{"db":"mongodb+srv://unicodettp:WFUiEjrljsIDFOmd@cluster1.oeari.mongodb.net/ttp-local"}}
{"level":"warn","message":"Server worked"}
{"level":"warn","message":{"db":"mongodb+srv://unicodettp:WFUiEjrljsIDFOmd@cluster1.oeari.mongodb.net/ttp-local"}}
{"level":"warn","message":"Server worked"}
{"level":"warn","message":{"db":"mongodb+srv://unicodettp:WFUiEjrljsIDFOmd@cluster1.oeari.mongodb.net/ttp-local"}}
{"level":"warn","message":"Server worked"}
{"level":"warn","message":{"db":"mongodb+srv://unicodettp:WFUiEjrljsIDFOmd@cluster1.oeari.mongodb.net/ttp-local"}}
{"level":"warn","message":"Server worked"}
{"level":"warn","message":{"db":"mongodb+srv://unicodettp:WFUiEjrljsIDFOmd@cluster1.oeari.mongodb.net/ttp-local"}}
{"level":"warn","message":"Server worked"}
{"level":"warn","message":{"db":"mongodb+srv://unicodettp:WFUiEjrljsIDFOmd@cluster1.oeari.mongodb.net/ttp-local"}}
{"level":"warn","message":"Server worked"}
{"level":"warn","message":{"db":"mongodb+srv://unicodettp:WFUiEjrljsIDFOmd@cluster1.oeari.mongodb.net/ttp-local"}}
{"level":"warn","message":"Server worked"}
{"level":"warn","message":{"db":"mongodb+srv://unicodettp:WFUiEjrljsIDFOmd@cluster1.oeari.mongodb.net/ttp-local"}}
{"level":"warn","message":"Server worked"}
{"level":"warn","message":{"db":"mongodb+srv://unicodettp:WFUiEjrljsIDFOmd@cluster1.oeari.mongodb.net/ttp-local"}}
{"level":"warn","message":"Server worked"}
{"level":"warn","message":{"monthlyDeleteNotifications":8}}
{"level":"warn","message":{"db":"mongodb+srv://unicodettp:WFUiEjrljsIDFOmd@cluster1.oeari.mongodb.net/ttp-local"}}
{"level":"warn","message":"Server worked"}
{"level":"warn","message":{"db":"mongodb+srv://unicodettp:WFUiEjrljsIDFOmd@cluster1.oeari.mongodb.net/ttp-local"}}
{"level":"warn","message":"Server worked"}
{"level":"warn","message":{"db":"mongodb+srv://unicodettp:WFUiEjrljsIDFOmd@cluster1.oeari.mongodb.net/ttp-local"}}
{"level":"warn","message":"Server worked"}
{"level":"warn","message":{"db":"mongodb+srv://unicodettp:WFUiEjrljsIDFOmd@cluster1.oeari.mongodb.net/ttp-local"}}
{"level":"warn","message":"Server worked"}
{"level":"warn","message":{"db":"mongodb+srv://unicodettp:WFUiEjrljsIDFOmd@cluster1.oeari.mongodb.net/ttp-local"}}
{"level":"warn","message":"Server worked"}
{"level":"warn","message":{"db":"mongodb+srv://unicodettp:WFUiEjrljsIDFOmd@cluster1.oeari.mongodb.net/ttp-local"}}
{"level":"warn","message":"Server worked"}
{"level":"warn","message":{"db":"mongodb+srv://unicodettp:WFUiEjrljsIDFOmd@cluster1.oeari.mongodb.net/ttp-local"}}
{"level":"warn","message":"Server worked"}
{"level":"warn","message":{"db":"mongodb+srv://unicodettp:WFUiEjrljsIDFOmd@cluster1.oeari.mongodb.net/ttp-local"}}
{"level":"warn","message":"Server worked"}
{"level":"warn","message":{"db":"mongodb+srv://unicodettp:WFUiEjrljsIDFOmd@cluster1.oeari.mongodb.net/ttp-local"}}
{"level":"warn","message":"Server worked"}
{"level":"error","message":{"updateTasksProjectIdError":{}}}
{"level":"error","message":{"handleEditTasksProjectIdError":{}}}
{"level":"error","message":{"updateTasksProjectIdError":{}}}
{"level":"error","message":{"handleEditTasksProjectIdError":{}}}
{"level":"warn","message":{"db":"mongodb+srv://unicodettp:WFUiEjrljsIDFOmd@cluster1.oeari.mongodb.net/ttp-local"}}
{"level":"warn","message":"Server worked"}
{"level":"warn","message":{"monthlyDeleteNotifications":12}}
{"level":"warn","message":{"db":"mongodb+srv://unicodettp:WFUiEjrljsIDFOmd@cluster1.oeari.mongodb.net/ttp-local"}}
{"level":"warn","message":"Server worked"}
{"level":"warn","message":{"db":"mongodb+srv://unicodettp:WFUiEjrljsIDFOmd@cluster1.oeari.mongodb.net/ttp-local"}}
{"level":"warn","message":"Server worked"}
{"level":"warn","message":{"db":"mongodb+srv://unicodettp:WFUiEjrljsIDFOmd@cluster1.oeari.mongodb.net/ttp-local"}}
{"level":"warn","message":"Server worked"}
{"level":"warn","message":{"db":"mongodb+srv://unicodettp:WFUiEjrljsIDFOmd@cluster1.oeari.mongodb.net/ttp-local"}}
{"level":"warn","message":"Server worked"}
{"level":"error","message":{"initializeCardsPluginsError":{"message":"Could not connect to any servers in your MongoDB Atlas cluster. One common reason is that you're trying to access the database from an IP that isn't whitelisted. Make sure your current IP address is on your Atlas cluster's IP whitelist: https://www.mongodb.com/docs/atlas/security-whitelist/","reason":{"commonWireVersion":0,"compatible":true,"heartbeatFrequencyMS":10000,"localThresholdMS":15,"logicalSessionTimeoutMinutes":null,"maxElectionId":"7fffffff0000000000000211","maxSetVersion":7,"servers":{},"setName":"atlas-111cxg-shard-0","stale":false,"type":"ReplicaSetNoPrimary"}}}}
{"level":"warn","message":{"db":"mongodb+srv://unicodettp:WFUiEjrljsIDFOmd@cluster1.oeari.mongodb.net/ttp-local"}}
{"level":"warn","message":"Server worked"}
{"level":"error","message":{"updateTasksProjectIdError":{}}}
{"level":"error","message":{"handleEditTasksProjectIdError":{}}}
{"level":"error","message":{"updateTasksProjectIdError":{}}}
{"level":"error","message":{"handleEditTasksProjectIdError":{}}}
{"level":"error","message":{"updateTasksProjectIdError":{}}}
{"level":"error","message":{"handleEditTasksProjectIdError":{}}}
{"level":"error","message":{"updateTasksProjectIdError":{}}}
{"level":"error","message":{"handleEditTasksProjectIdError":{}}}
{"level":"error","message":{"updateTasksProjectIdError":{}}}
{"level":"error","message":{"handleEditTasksProjectIdError":{}}}
{"level":"error","message":{"updateTasksProjectIdError":{}}}
{"level":"error","message":{"handleEditTasksProjectIdError":{}}}
{"level":"error","message":{"updateTasksProjectIdError":{}}}
{"level":"error","message":{"handleEditTasksProjectIdError":{}}}
{"level":"error","message":{"updateTasksProjectIdError":{}}}
{"level":"error","message":{"handleEditTasksProjectIdError":{}}}
{"level":"error","message":{"updateTasksProjectIdError":{}}}
{"level":"error","message":{"handleEditTasksProjectIdError":{}}}
{"level":"error","message":{"updateTasksProjectIdError":{}}}
{"level":"error","message":{"handleEditTasksProjectIdError":{}}}
{"level":"error","message":{"updateTasksProjectIdError":{}}}
{"level":"error","message":{"handleEditTasksProjectIdError":{}}}
{"level":"warn","message":{"db":"mongodb+srv://unicodettp:WFUiEjrljsIDFOmd@cluster1.oeari.mongodb.net/ttp-local"}}
{"level":"warn","message":"Server worked"}
{"level":"warn","message":{"db":"mongodb+srv://unicodettp:WFUiEjrljsIDFOmd@cluster1.oeari.mongodb.net/ttp-local"}}
{"level":"warn","message":"Server worked"}
{"level":"error","message":{"updateTasksProjectIdError":{}}}
{"level":"error","message":{"handleEditTasksProjectIdError":{}}}
{"level":"warn","message":{"db":"mongodb+srv://unicodettp:WFUiEjrljsIDFOmd@cluster1.oeari.mongodb.net/ttp-local"}}
{"level":"warn","message":"Server worked"}
{"level":"warn","message":{"db":"mongodb+srv://unicodettp:WFUiEjrljsIDFOmd@cluster1.oeari.mongodb.net/ttp-local"}}
{"level":"warn","message":"Server worked"}
