{
  message: { db: 'mongodb://localhost:27017/TTP' },
  level: 'info',
  timestamp: '2022-11-27T11:36:35.497Z'
}
{
  message: 'error from ezzat side',
  level: 'error',
  timestamp: '2022-11-27T11:36:38.058Z'
}
{
  message: { db: 'mongodb://localhost:27017/TTP' },
  level: 'info',
  timestamp: '2022-11-27T11:49:18.492Z'
}
{
  message: { error: 'error from ezzat side' },
  level: 'error',
  timestamp: '2022-11-27T11:49:20.769Z'
}
{
  message: { db: 'mongodb://localhost:27017/TTP' },
  level: 'info',
  timestamp: '2022-11-27T11:50:00.133Z'
}
